<?xml version="1.0" encoding="UTF-8"?>
<testsuite xmlns:xsi="http://www.w3.org/2001/XMLSchema-instance" xsi:noNamespaceSchemaLocation="https://maven.apache.org/surefire/maven-surefire-plugin/xsd/surefire-test-report.xsd" name="BoardTest" time="0.044" tests="9" errors="0" skipped="0" failures="0">
  <properties>
[...]
</properties>
  <testcase name="validMoveFullBoardMinusTopRowTest" classname="BoardTest" time="0.019"/>
  <testcase name="moveLeftColumnTest" classname="BoardTest" time="0.001"/>
  <testcase name="reverseMoveBottomRow" classname="BoardTest" time="0.002"/>
  <testcase name="reverseMoveFullBoardTest" classname="BoardTest" time="0.002"/>
  <testcase name="newGameTest" classname="BoardTest" time="0.001"/>
  <testcase name="moveBottomRowTest" classname="BoardTest" time="0"/>
  <testcase name="moveRightColumnTest" classname="BoardTest" time="0.001"/>
  <testcase name="validMoveEmptyBoardTest" classname="BoardTest" time="0.002"/>
  <testcase name="validMoveTopRowTest" classname="BoardTest" time="0.001"/>
</testsuite>